<?xml version="1.0" encoding="UTF-8"?>
<!-- Generated by org.testng.reporters.JUnitXMLReporter -->
<testsuite ignored="0" hostname="ks-MacBook-Air.local" failures="0" tests="2" name="PageObjectModel_TestNg" time="54.407" errors="0" timestamp="2023-04-26T12:56:42 BST">
  <testcase classname="com.ae.qa.testcases.ContactUsPage_Test" name="loginpageTitle_test" time="0.016"/>
  <testcase classname="com.ae.qa.testcases.ContactUsPage_Test" name="contactus_test" time="2.986"/>
</testsuite> <!-- PageObjectModel_TestNg -->
