<?xml version="1.0" encoding="UTF-8"?>
<!-- Generated by org.testng.reporters.JUnitXMLReporter -->
<testsuite ignored="3" hostname="ks-MacBook-Air.local" failures="0" tests="6" name="Test Case 1b: Re-register User - exclude user deletion" time="26.451" errors="0" timestamp="2023-05-03T23:16:24 BST">
  <testcase classname="com.ae.qa.testcases.SignUpPageTest" name="validateWelcomePageTitle" time="0.0"/>
  <testcase classname="com.ae.qa.testcases.SignUpPageTest" name="validateSignUpH2" time="0.029"/>
  <testcase classname="com.ae.qa.testcases.SignUpPageTest" name="validateSignUpNewUser" time="0.642"/>
  <testcase classname="com.ae.qa.testcases.SignUpPageTest" name="validateSignUpAccountInfoH2" time="0.028"/>
  <testcase classname="com.ae.qa.testcases.SignUpPageTest" name="validateSignUp" time="4.761"/>
  <testcase classname="com.ae.qa.testcases.SignUpPageTest" name="validateLoggedInUserName" time="10.1"/>
  <testcase classname="com.ae.qa.testcases.SignUpPageTest" name="validateDeleteAccount" time="0.0">
    <ignored/>
  </testcase> <!-- validateDeleteAccount -->
  <testcase classname="com.ae.qa.testcases.SignUpPageTest" name="validateContinueDeletedButton" time="0.0">
    <ignored/>
  </testcase> <!-- validateContinueDeletedButton -->
  <testcase classname="com.ae.qa.testcases.SignUpPageTest" name="validateSignUpExistingUser" time="0.0">
    <ignored/>
  </testcase> <!-- validateSignUpExistingUser -->
</testsuite> <!-- Test Case 1b: Re-register User - exclude user deletion -->
