<?xml version="1.0" encoding="UTF-8"?>
<!-- Generated by org.testng.reporters.JUnitXMLReporter -->
<testsuite ignored="0" hostname="ks-MacBook-Air.local" failures="0" tests="3" name="Test Case 7: Verify Test Cases Page" time="9.26" errors="0" timestamp="2023-05-01T13:09:43 BST">
  <testcase classname="com.ae.qa.testcases.TestCasesPageTest" name="validateWelcomePageTitle" time="0.004"/>
  <testcase classname="com.ae.qa.testcases.TestCasesPageTest" name="validateTestCasesLink" time="0.406"/>
  <testcase classname="com.ae.qa.testcases.TestCasesPageTest" name="validateTestCasesHeading" time="0.046"/>
</testsuite> <!-- Test Case 7: Verify Test Cases Page -->
