<?xml version="1.0" encoding="UTF-8"?>
<!-- Generated by org.testng.reporters.JUnitXMLReporter -->
<testsuite ignored="1" hostname="ks-MacBook-Air.local" failures="0" tests="12" name="Test Case 23: Verify address details in checkout page" time="29.31" errors="0" timestamp="2023-05-03T23:22:06 BST">
  <testcase classname="com.ae.qa.testcases.RegisterWhileCheckOutTest" name="validateWelcomePageTitle" time="0.001"/>
  <testcase classname="com.ae.qa.testcases.RegisterWhileCheckOutTest" name="validateProductsLink" time="1.508"/>
  <testcase classname="com.ae.qa.testcases.RegisterWhileCheckOutTest" name="validateAddToCartInProductPage" time="1.852"/>
  <testcase classname="com.ae.qa.testcases.RegisterWhileCheckOutTest" name="validateSignUpNewUser" time="0.471"/>
  <testcase classname="com.ae.qa.testcases.RegisterWhileCheckOutTest" name="validateSignUp" time="3.87"/>
  <testcase classname="com.ae.qa.testcases.RegisterWhileCheckOutTest" name="validateLoggedInUserName" time="6.726"/>
  <testcase classname="com.ae.qa.testcases.RegisterWhileCheckOutTest" name="validateProceedCheckout" time="3.586"/>
  <testcase classname="com.ae.qa.testcases.RegisterWhileCheckOutTest" name="validateAddressVisibility" time="0.036"/>
  <testcase classname="com.ae.qa.testcases.RegisterWhileCheckOutTest" name="validateOrderVisibility" time="0.021"/>
  <testcase classname="com.ae.qa.testcases.RegisterWhileCheckOutTest" name="validateBillingyAddress" time="0.028"/>
  <testcase classname="com.ae.qa.testcases.RegisterWhileCheckOutTest" name="validateDeliveryAddress" time="0.023"/>
  <testcase classname="com.ae.qa.testcases.RegisterWhileCheckOutTest" name="validateDeleteAccount" time="0.931"/>
  <testcase classname="com.ae.qa.testcases.RegisterWhileCheckOutTest" name="validatePlaceOrder" time="0.0">
    <ignored/>
  </testcase> <!-- validatePlaceOrder -->
</testsuite> <!-- Test Case 23: Verify address details in checkout page -->
