<?xml version="1.0" encoding="UTF-8"?>
<!-- Generated by org.testng.reporters.JUnitXMLReporter -->
<testsuite ignored="0" hostname="ks-MacBook-Air.local" failures="0" tests="8" name="Test Case 16: Place Order: Login before Checkout" time="18.429" errors="0" timestamp="2023-05-03T23:21:14 BST">
  <testcase classname="com.ae.qa.testcases.LoginBeforeCheckoutTest" name="validateWelcomePageTitle" time="0.002"/>
  <testcase classname="com.ae.qa.testcases.LoginBeforeCheckoutTest" name="validateLoginWithValidDetails" time="2.259"/>
  <testcase classname="com.ae.qa.testcases.LoginBeforeCheckoutTest" name="validateProductsLink" time="1.961"/>
  <testcase classname="com.ae.qa.testcases.LoginBeforeCheckoutTest" name="validateAddToCartInProductPage" time="2.159"/>
  <testcase classname="com.ae.qa.testcases.LoginBeforeCheckoutTest" name="validateAddressVisibility" time="0.023"/>
  <testcase classname="com.ae.qa.testcases.LoginBeforeCheckoutTest" name="validateOrderVisibility" time="0.023"/>
  <testcase classname="com.ae.qa.testcases.LoginBeforeCheckoutTest" name="validatePlaceOrder" time="2.656"/>
  <testcase classname="com.ae.qa.testcases.LoginBeforeCheckoutTest" name="validateDeleteAccount" time="0.915"/>
</testsuite> <!-- Test Case 16: Place Order: Login before Checkout -->
