<?xml version="1.0" encoding="UTF-8"?>
<!-- Generated by org.testng.reporters.JUnitXMLReporter -->
<testsuite ignored="0" hostname="ks-MacBook-Air.local" failures="0" tests="6" name="Test Case 6: Contact Us Form" time="15.739" errors="0" timestamp="2023-05-01T13:09:34 BST">
  <testcase classname="com.ae.qa.testcases.ContactUsPageTest" name="validateWelcomePageTitle" time="0.01"/>
  <testcase classname="com.ae.qa.testcases.ContactUsPageTest" name="validateContactUsLink" time="1.099"/>
  <testcase classname="com.ae.qa.testcases.ContactUsPageTest" name="validateContactUsH2" time="0.063"/>
  <testcase classname="com.ae.qa.testcases.ContactUsPageTest" name="validateContactusForm" time="0.877"/>
  <testcase classname="com.ae.qa.testcases.ContactUsPageTest" name="validateGetInTouchH2" time="0.043"/>
  <testcase classname="com.ae.qa.testcases.ContactUsPageTest" name="validateHomeButton" time="3.313"/>
</testsuite> <!-- Test Case 6: Contact Us Form -->
