<?xml version="1.0" encoding="UTF-8"?>
<!-- Generated by org.testng.reporters.JUnitXMLReporter -->
<testsuite ignored="3" hostname="ks-MacBook-Air.local" failures="0" tests="6" name="Test Case 2b: Re-register User - exclude user deletion" time="20.669" errors="0" timestamp="2023-05-03T23:16:58 BST">
  <testcase classname="com.ae.qa.testcases.SignUpPageTest" name="validateWelcomePageTitle" time="0.001"/>
  <testcase classname="com.ae.qa.testcases.SignUpPageTest" name="validateSignUpH2" time="0.041"/>
  <testcase classname="com.ae.qa.testcases.SignUpPageTest" name="validateSignUpNewUser" time="0.52"/>
  <testcase classname="com.ae.qa.testcases.SignUpPageTest" name="validateSignUpAccountInfoH2" time="0.017"/>
  <testcase classname="com.ae.qa.testcases.SignUpPageTest" name="validateSignUp" time="4.877"/>
  <testcase classname="com.ae.qa.testcases.SignUpPageTest" name="validateLoggedInUserName" time="6.006"/>
  <testcase classname="com.ae.qa.testcases.SignUpPageTest" name="validateDeleteAccount" time="0.0">
    <ignored/>
  </testcase> <!-- validateDeleteAccount -->
  <testcase classname="com.ae.qa.testcases.SignUpPageTest" name="validateContinueDeletedButton" time="0.0">
    <ignored/>
  </testcase> <!-- validateContinueDeletedButton -->
  <testcase classname="com.ae.qa.testcases.SignUpPageTest" name="validateSignUpExistingUser" time="0.0">
    <ignored/>
  </testcase> <!-- validateSignUpExistingUser -->
</testsuite> <!-- Test Case 2b: Re-register User - exclude user deletion -->
