<?xml version="1.0" encoding="UTF-8"?>
<!-- Generated by org.testng.reporters.JUnitXMLReporter -->
<testsuite ignored="6" hostname="ks-MacBook-Air.local" failures="0" tests="3" name="Test Case 5: Register User with existing email" time="11.09" errors="0" timestamp="2023-05-01T13:09:18 BST">
  <testcase classname="com.ae.qa.testcases.SignUpPageTest" name="validateWelcomePageTitle" time="0.0"/>
  <testcase classname="com.ae.qa.testcases.SignUpPageTest" name="validateSignUpH2" time="0.071"/>
  <testcase classname="com.ae.qa.testcases.SignUpPageTest" name="validateSignUpExistingUser" time="0.598"/>
  <testcase classname="com.ae.qa.testcases.SignUpPageTest" name="validateSignUp" time="0.0">
    <ignored/>
  </testcase> <!-- validateSignUp -->
  <testcase classname="com.ae.qa.testcases.SignUpPageTest" name="validateLoggedInUserName" time="0.0">
    <ignored/>
  </testcase> <!-- validateLoggedInUserName -->
  <testcase classname="com.ae.qa.testcases.SignUpPageTest" name="validateDeleteAccount" time="0.0">
    <ignored/>
  </testcase> <!-- validateDeleteAccount -->
  <testcase classname="com.ae.qa.testcases.SignUpPageTest" name="validateSignUpNewUser" time="0.0">
    <ignored/>
  </testcase> <!-- validateSignUpNewUser -->
  <testcase classname="com.ae.qa.testcases.SignUpPageTest" name="validateSignUpAccountInfoH2" time="0.0">
    <ignored/>
  </testcase> <!-- validateSignUpAccountInfoH2 -->
  <testcase classname="com.ae.qa.testcases.SignUpPageTest" name="validateContinueDeletedButton" time="0.0">
    <ignored/>
  </testcase> <!-- validateContinueDeletedButton -->
</testsuite> <!-- Test Case 5: Register User with existing email -->
