<?xml version="1.0" encoding="UTF-8"?>
<!-- Generated by org.testng.reporters.JUnitXMLReporter -->
<testsuite ignored="0" hostname="ks-MacBook-Air.local" failures="0" tests="7" name="Test Case 4: Logout User" time="12.712" errors="0" timestamp="2023-05-01T13:09:07 BST">
  <testcase classname="com.ae.qa.testcases.UserHomePageTest" name="validateWelcomePageTitle" time="0.009"/>
  <testcase classname="com.ae.qa.testcases.UserHomePageTest" name="validateLoginLink" time="0.366"/>
  <testcase classname="com.ae.qa.testcases.UserHomePageTest" name="validateLoginInfoH2" time="0.057"/>
  <testcase classname="com.ae.qa.testcases.UserHomePageTest" name="validateLoginWithValidData" time="2.22"/>
  <testcase classname="com.ae.qa.testcases.UserHomePageTest" name="validateLoggedInUserName" time="0.261"/>
  <testcase classname="com.ae.qa.testcases.UserHomePageTest" name="validateLogoutButton" time="0.533"/>
  <testcase classname="com.ae.qa.testcases.UserHomePageTest" name="verifyLoginPageTitle" time="0.008"/>
</testsuite> <!-- Test Case 4: Logout User -->
