<?xml version="1.0" encoding="UTF-8"?>
<!-- Generated by org.testng.reporters.JUnitXMLReporter -->
<testsuite ignored="4" hostname="ks-MacBook-Air.local" failures="0" tests="10" name="Test Case 8: Verify All Products and product detail page" time="15.944" errors="0" timestamp="2023-05-03T23:18:14 BST">
  <testcase classname="com.ae.qa.testcases.ProductsPageTest" name="validateWelcomePageTitle" time="0.008"/>
  <testcase classname="com.ae.qa.testcases.ProductsPageTest" name="validateProductsLink" time="4.17"/>
  <testcase classname="com.ae.qa.testcases.ProductsPageTest" name="validateProductsDetailsNavigation" time="1.034"/>
  <testcase classname="com.ae.qa.testcases.ProductsPageTest" name="validateProductAddToCartVisibility" time="0.053"/>
  <testcase classname="com.ae.qa.testcases.ProductsPageTest" name="validateProductAvailableVisibility" time="0.059"/>
  <testcase classname="com.ae.qa.testcases.ProductsPageTest" name="validateProductBrandVisibility" time="0.102"/>
  <testcase classname="com.ae.qa.testcases.ProductsPageTest" name="validateProductCategortVisibility" time="0.082"/>
  <testcase classname="com.ae.qa.testcases.ProductsPageTest" name="validateProductConditionVisibility" time="0.079"/>
  <testcase classname="com.ae.qa.testcases.ProductsPageTest" name="validateProductNameVisibility" time="0.069"/>
  <testcase classname="com.ae.qa.testcases.ProductsPageTest" name="validateProductPriceVisibility" time="0.068"/>
  <testcase classname="com.ae.qa.testcases.ProductsPageTest" name="validateReviewAboutProduct" time="0.0">
    <ignored/>
  </testcase> <!-- validateReviewAboutProduct -->
  <testcase classname="com.ae.qa.testcases.ProductsPageTest" name="validateDeleteFromCart" time="0.0">
    <ignored/>
  </testcase> <!-- validateDeleteFromCart -->
  <testcase classname="com.ae.qa.testcases.ProductsPageTest" name="validateAddToCartInProductPage" time="0.0">
    <ignored/>
  </testcase> <!-- validateAddToCartInProductPage -->
  <testcase classname="com.ae.qa.testcases.ProductsPageTest" name="validateIncreaseQuantityInProductDetailsPage" time="0.0">
    <ignored/>
  </testcase> <!-- validateIncreaseQuantityInProductDetailsPage -->
</testsuite> <!-- Test Case 8: Verify All Products and product detail page -->
