<?xml version="1.0" encoding="UTF-8"?>
<testng-results ignored="0" total="1" passed="1" failed="0" skipped="0">
  <reporter-output>
  </reporter-output>
  <suite started-at="2023-04-06T14:50:18 BST" name="Suite1" finished-at="2023-04-06T14:50:35 BST" duration-ms="16905">
    <groups>
    </groups>
    <test started-at="2023-04-06T14:50:18 BST" name="Validate Framework" finished-at="2023-04-06T14:50:35 BST" duration-ms="16905">
      <class name="org.example.ValidateFramework">
        <test-method signature="setUp()[pri:0, instance:org.example.ValidateFramework@365c30cc]" started-at="2023-04-06T14:50:19 BST" name="setUp" finished-at="2023-04-06T14:50:35 BST" duration-ms="16769" status="PASS">
          <reporter-output>
          </reporter-output>
        </test-method> <!-- setUp -->
      </class> <!-- org.example.ValidateFramework -->
    </test> <!-- Validate Framework -->
  </suite> <!-- Suite1 -->
</testng-results>
