<?xml version="1.0" encoding="UTF-8"?>
<!-- Generated by org.testng.reporters.JUnitXMLReporter -->
<testsuite ignored="1" hostname="ks-MacBook-Air.local" failures="0" tests="5" name="Test Case 14a: To Delete user Account for next step" time="18.217" errors="0" timestamp="2023-05-02T21:51:34 BST">
  <testcase classname="com.ae.qa.testcases.LoginPageTest" name="validateWelcomePageTitle" time="0.0"/>
  <testcase classname="com.ae.qa.testcases.LoginPageTest" name="validateLoginH2" time="0.043"/>
  <testcase classname="com.ae.qa.testcases.LoginPageTest" name="validateLoginWithValidDetails" time="2.583"/>
  <testcase classname="com.ae.qa.testcases.LoginPageTest" name="validateDeletedAccount" time="0.478"/>
  <testcase classname="com.ae.qa.testcases.LoginPageTest" name="validateContinueDeleteButton" time="5.766"/>
  <testcase classname="com.ae.qa.testcases.LoginPageTest" name="validateLoginWithInValidDetails" time="0.0">
    <ignored/>
  </testcase> <!-- validateLoginWithInValidDetails -->
</testsuite> <!-- Test Case 14a: To Delete user Account for next step -->
