<?xml version="1.0" encoding="UTF-8"?>
<!-- Generated by org.testng.reporters.JUnitXMLReporter -->
<testsuite ignored="0" hostname="ks-MacBook-Air.local" failures="0" tests="4" name="Test Case 11: Verify Subscription in Cart page" time="10.575" errors="0" timestamp="2023-05-02T21:50:44 BST">
  <testcase classname="com.ae.qa.testcases.CartPageTest" name="validateWelcomePageTitle" time="0.0"/>
  <testcase classname="com.ae.qa.testcases.CartPageTest" name="validateCartPageTitle" time="0.007"/>
  <testcase classname="com.ae.qa.testcases.CartPageTest" name="validateScrollDownGetSubscriptionH2" time="0.063"/>
  <testcase classname="com.ae.qa.testcases.CartPageTest" name="validateCartSubscription" time="0.371"/>
</testsuite> <!-- Test Case 11: Verify Subscription in Cart page -->
