<?xml version="1.0" encoding="UTF-8"?>
<!-- Generated by org.testng.reporters.JUnitXMLReporter -->
<testsuite ignored="10" hostname="ks-MacBook-Air.local" failures="0" tests="4" name="Test Case 21: Add review on product" time="17.997" errors="0" timestamp="2023-05-02T21:53:58 BST">
  <testcase classname="com.ae.qa.testcases.ProductsPageTest" name="validateWelcomePageTitle" time="0.004"/>
  <testcase classname="com.ae.qa.testcases.ProductsPageTest" name="validateProductsLink" time="6.308"/>
  <testcase classname="com.ae.qa.testcases.ProductsPageTest" name="validateProductsDetailsNavigation" time="1.63"/>
  <testcase classname="com.ae.qa.testcases.ProductsPageTest" name="validateReviewAboutProduct" time="0.531"/>
  <testcase classname="com.ae.qa.testcases.ProductsPageTest" name="validateProductAvailableVisibility" time="0.0">
    <ignored/>
  </testcase> <!-- validateProductAvailableVisibility -->
  <testcase classname="com.ae.qa.testcases.ProductsPageTest" name="validateProductConditionVisibility" time="0.0">
    <ignored/>
  </testcase> <!-- validateProductConditionVisibility -->
  <testcase classname="com.ae.qa.testcases.ProductsPageTest" name="validateProductPriceVisibility" time="0.0">
    <ignored/>
  </testcase> <!-- validateProductPriceVisibility -->
  <testcase classname="com.ae.qa.testcases.ProductsPageTest" name="validateProductAddToCartVisibility" time="0.0">
    <ignored/>
  </testcase> <!-- validateProductAddToCartVisibility -->
  <testcase classname="com.ae.qa.testcases.ProductsPageTest" name="validateDeleteFromCart" time="0.0">
    <ignored/>
  </testcase> <!-- validateDeleteFromCart -->
  <testcase classname="com.ae.qa.testcases.ProductsPageTest" name="validateProductCategortVisibility" time="0.0">
    <ignored/>
  </testcase> <!-- validateProductCategortVisibility -->
  <testcase classname="com.ae.qa.testcases.ProductsPageTest" name="validateAddToCartInProductPage" time="0.0">
    <ignored/>
  </testcase> <!-- validateAddToCartInProductPage -->
  <testcase classname="com.ae.qa.testcases.ProductsPageTest" name="validateProductNameVisibility" time="0.0">
    <ignored/>
  </testcase> <!-- validateProductNameVisibility -->
  <testcase classname="com.ae.qa.testcases.ProductsPageTest" name="validateProductBrandVisibility" time="0.0">
    <ignored/>
  </testcase> <!-- validateProductBrandVisibility -->
  <testcase classname="com.ae.qa.testcases.ProductsPageTest" name="validateIncreaseQuantityInProductDetailsPage" time="0.0">
    <ignored/>
  </testcase> <!-- validateIncreaseQuantityInProductDetailsPage -->
</testsuite> <!-- Test Case 21: Add review on product -->
