<?xml version="1.0" encoding="UTF-8"?>
<!-- Generated by org.testng.reporters.JUnitXMLReporter -->
<testsuite ignored="11" hostname="ks-MacBook-Air.local" failures="0" tests="3" name="Test Case 12: Add Products in Cart" time="14.154" errors="0" timestamp="2023-05-02T21:50:58 BST">
  <testcase classname="com.ae.qa.testcases.ProductsPageTest" name="validateWelcomePageTitle" time="0.021"/>
  <testcase classname="com.ae.qa.testcases.ProductsPageTest" name="validateProductsLink" time="2.507"/>
  <testcase classname="com.ae.qa.testcases.ProductsPageTest" name="validateAddToCartInProductPage" time="1.32"/>
  <testcase classname="com.ae.qa.testcases.ProductsPageTest" name="validateProductAvailableVisibility" time="0.0">
    <ignored/>
  </testcase> <!-- validateProductAvailableVisibility -->
  <testcase classname="com.ae.qa.testcases.ProductsPageTest" name="validateProductConditionVisibility" time="0.0">
    <ignored/>
  </testcase> <!-- validateProductConditionVisibility -->
  <testcase classname="com.ae.qa.testcases.ProductsPageTest" name="validateProductPriceVisibility" time="0.0">
    <ignored/>
  </testcase> <!-- validateProductPriceVisibility -->
  <testcase classname="com.ae.qa.testcases.ProductsPageTest" name="validateProductAddToCartVisibility" time="0.0">
    <ignored/>
  </testcase> <!-- validateProductAddToCartVisibility -->
  <testcase classname="com.ae.qa.testcases.ProductsPageTest" name="validateReviewAboutProduct" time="0.0">
    <ignored/>
  </testcase> <!-- validateReviewAboutProduct -->
  <testcase classname="com.ae.qa.testcases.ProductsPageTest" name="validateDeleteFromCart" time="0.0">
    <ignored/>
  </testcase> <!-- validateDeleteFromCart -->
  <testcase classname="com.ae.qa.testcases.ProductsPageTest" name="validateProductCategortVisibility" time="0.0">
    <ignored/>
  </testcase> <!-- validateProductCategortVisibility -->
  <testcase classname="com.ae.qa.testcases.ProductsPageTest" name="validateProductsDetailsNavigation" time="0.0">
    <ignored/>
  </testcase> <!-- validateProductsDetailsNavigation -->
  <testcase classname="com.ae.qa.testcases.ProductsPageTest" name="validateProductNameVisibility" time="0.0">
    <ignored/>
  </testcase> <!-- validateProductNameVisibility -->
  <testcase classname="com.ae.qa.testcases.ProductsPageTest" name="validateProductBrandVisibility" time="0.0">
    <ignored/>
  </testcase> <!-- validateProductBrandVisibility -->
  <testcase classname="com.ae.qa.testcases.ProductsPageTest" name="validateIncreaseQuantityInProductDetailsPage" time="0.0">
    <ignored/>
  </testcase> <!-- validateIncreaseQuantityInProductDetailsPage -->
</testsuite> <!-- Test Case 12: Add Products in Cart -->
