<?xml version="1.0" encoding="UTF-8"?>
<!-- Generated by org.testng.reporters.JUnitXMLReporter -->
<testsuite ignored="1" hostname="ks-MacBook-Air.local" failures="0" tests="12" name="Test Case 15: Place Order: Register before Checkout" time="29.274" errors="0" timestamp="2023-05-02T21:52:44 BST">
  <testcase classname="com.ae.qa.testcases.RegisterBeforeCheckOutTest" name="validateWelcomePageTitle" time="0.0"/>
  <testcase classname="com.ae.qa.testcases.RegisterBeforeCheckOutTest" name="validateSignUpH2" time="0.031"/>
  <testcase classname="com.ae.qa.testcases.RegisterBeforeCheckOutTest" name="validateSignUpNewUser" time="0.985"/>
  <testcase classname="com.ae.qa.testcases.RegisterBeforeCheckOutTest" name="validateSignUpAccountInfoH2" time="0.026"/>
  <testcase classname="com.ae.qa.testcases.RegisterBeforeCheckOutTest" name="validateSignUp" time="3.642"/>
  <testcase classname="com.ae.qa.testcases.RegisterBeforeCheckOutTest" name="validateLoggedInUserName" time="6.148"/>
  <testcase classname="com.ae.qa.testcases.RegisterBeforeCheckOutTest" name="validateProductsLink" time="3.556"/>
  <testcase classname="com.ae.qa.testcases.RegisterBeforeCheckOutTest" name="validateAddToCartInProductPage" time="1.543"/>
  <testcase classname="com.ae.qa.testcases.RegisterBeforeCheckOutTest" name="validateAddressVisibility" time="0.021"/>
  <testcase classname="com.ae.qa.testcases.RegisterBeforeCheckOutTest" name="validateOrderVisibility" time="0.018"/>
  <testcase classname="com.ae.qa.testcases.RegisterBeforeCheckOutTest" name="validatePlaceOrder" time="2.433"/>
  <testcase classname="com.ae.qa.testcases.RegisterBeforeCheckOutTest" name="validateDeleteAccount" time="0.71"/>
  <testcase classname="com.ae.qa.testcases.RegisterBeforeCheckOutTest" name="validateDownloadInvoice" time="0.0">
    <ignored/>
  </testcase> <!-- validateDownloadInvoice -->
</testsuite> <!-- Test Case 15: Place Order: Register before Checkout -->
