<?xml version="1.0" encoding="UTF-8"?>
<!-- Generated by org.testng.reporters.JUnitXMLReporter -->
<testsuite ignored="2" hostname="ks-MacBook-Air.local" failures="0" tests="3" name="Test Case 26: Verify Scroll Up without &#039;Arrow&#039; button and Scroll Down functionality" time="10.497" errors="0" timestamp="2023-05-02T21:55:35 BST">
  <testcase classname="com.ae.qa.testcases.WelcomePageTest" name="validateWelcomePageTitle" time="0.004"/>
  <testcase classname="com.ae.qa.testcases.WelcomePageTest" name="validateScrolldownGetSubscriptionH2" time="0.139"/>
  <testcase classname="com.ae.qa.testcases.WelcomePageTest" name="validateScrollUpWithoutArrow" time="0.078"/>
  <testcase classname="com.ae.qa.testcases.WelcomePageTest" name="validateSubscription" time="0.0">
    <ignored/>
  </testcase> <!-- validateSubscription -->
  <testcase classname="com.ae.qa.testcases.WelcomePageTest" name="validateScrollUpWithArrow" time="0.0">
    <ignored/>
  </testcase> <!-- validateScrollUpWithArrow -->
</testsuite> <!-- Test Case 26: Verify Scroll Up without 'Arrow' button and Scroll Down functionality -->
