<?xml version="1.0" encoding="UTF-8"?>
<!-- Generated by org.testng.reporters.JUnitXMLReporter -->
<testsuite ignored="1" hostname="ks-MacBook-Air.local" failures="0" tests="5" name="Test Case 14: To Delete user Account for next step" time="14.101" errors="0" timestamp="2023-05-01T13:11:33 BST">
  <testcase classname="com.ae.qa.testcases.LoginPageTest" name="validateWelcomePageTitle" time="0.0"/>
  <testcase classname="com.ae.qa.testcases.LoginPageTest" name="validateLoginH2" time="0.097"/>
  <testcase classname="com.ae.qa.testcases.LoginPageTest" name="validateLoginWithValidDetails" time="2.286"/>
  <testcase classname="com.ae.qa.testcases.LoginPageTest" name="validateDeletedAccount" time="0.408"/>
  <testcase classname="com.ae.qa.testcases.LoginPageTest" name="validateContinueDeleteButton" time="2.295"/>
  <testcase classname="com.ae.qa.testcases.LoginPageTest" name="validateLoginWithInValidDetails" time="0.0">
    <ignored/>
  </testcase> <!-- validateLoginWithInValidDetails -->
</testsuite> <!-- Test Case 14: To Delete user Account for next step -->
