<?xml version="1.0" encoding="UTF-8"?>
<testng-results ignored="0" total="2" passed="2" failed="0" skipped="0">
  <reporter-output>
  </reporter-output>
  <suite started-at="2023-04-26T12:55:47 BST" name="Default Suite" finished-at="2023-04-26T12:56:41 BST" duration-ms="54407">
    <groups>
    </groups>
    <test started-at="2023-04-26T12:55:47 BST" name="PageObjectModel_TestNg" finished-at="2023-04-26T12:56:41 BST" duration-ms="54407">
      <class name="com.ae.qa.testcases.ContactUsPage_Test">
        <test-method is-config="true" signature="setup()[pri:0, instance:com.ae.qa.testcases.ContactUsPage_Test@25359ed8]" started-at="2023-04-26T12:55:47 BST" name="setup" finished-at="2023-04-26T12:56:13 BST" duration-ms="26268" status="PASS">
          <reporter-output>
          </reporter-output>
        </test-method> <!-- setup -->
        <test-method signature="loginpageTitle_test()[pri:1, instance:com.ae.qa.testcases.ContactUsPage_Test@25359ed8]" started-at="2023-04-26T12:56:13 BST" name="loginpageTitle_test" finished-at="2023-04-26T12:56:13 BST" duration-ms="16" status="PASS">
          <reporter-output>
          </reporter-output>
        </test-method> <!-- loginpageTitle_test -->
        <test-method is-config="true" signature="tearDown()[pri:0, instance:com.ae.qa.testcases.ContactUsPage_Test@25359ed8]" started-at="2023-04-26T12:56:13 BST" name="tearDown" finished-at="2023-04-26T12:56:18 BST" duration-ms="4538" status="PASS">
          <reporter-output>
          </reporter-output>
        </test-method> <!-- tearDown -->
        <test-method is-config="true" signature="setup()[pri:0, instance:com.ae.qa.testcases.ContactUsPage_Test@25359ed8]" started-at="2023-04-26T12:56:18 BST" name="setup" finished-at="2023-04-26T12:56:35 BST" duration-ms="16684" status="PASS">
          <reporter-output>
          </reporter-output>
        </test-method> <!-- setup -->
        <test-method signature="contactus_test()[pri:2, instance:com.ae.qa.testcases.ContactUsPage_Test@25359ed8]" started-at="2023-04-26T12:56:35 BST" name="contactus_test" finished-at="2023-04-26T12:56:38 BST" duration-ms="2986" status="PASS">
          <reporter-output>
          </reporter-output>
        </test-method> <!-- contactus_test -->
        <test-method is-config="true" signature="tearDown()[pri:0, instance:com.ae.qa.testcases.ContactUsPage_Test@25359ed8]" started-at="2023-04-26T12:56:38 BST" name="tearDown" finished-at="2023-04-26T12:56:41 BST" duration-ms="3774" status="PASS">
          <reporter-output>
          </reporter-output>
        </test-method> <!-- tearDown -->
      </class> <!-- com.ae.qa.testcases.ContactUsPage_Test -->
    </test> <!-- PageObjectModel_TestNg -->
  </suite> <!-- Default Suite -->
</testng-results>
