<?xml version="1.0" encoding="UTF-8"?>
<testng-results ignored="0" total="1" passed="1" failed="0" skipped="0">
  <reporter-output>
  </reporter-output>
  <suite started-at="2023-03-28T22:30:35 BST" name="Default suite" finished-at="2023-03-28T22:30:35 BST" duration-ms="164">
    <groups>
    </groups>
    <test started-at="2023-03-28T22:30:35 BST" name="Default test" finished-at="2023-03-28T22:30:35 BST" duration-ms="164">
      <class name="TestEx">
        <test-method signature="foo()[pri:0, instance:TestEx@1d082e88]" started-at="2023-03-28T22:30:35 BST" name="foo" finished-at="2023-03-28T22:30:35 BST" duration-ms="20" status="PASS">
          <reporter-output>
          </reporter-output>
        </test-method> <!-- foo -->
      </class> <!-- TestEx -->
    </test> <!-- Default test -->
  </suite> <!-- Default suite -->
</testng-results>
